<?xml version="1.0" encoding="UTF-8"?>
<!-- Generated by org.testng.reporters.JUnitXMLReporter -->
<testsuite hostname="EEEPC0423" ignored="0" name="Test" tests="6" failures="0" timestamp="2020-08-10T20:32:14 IST" time="0.078" errors="0">
  <testcase name="testcase1" time="0.009" classname="com.TestNG.ParallelExecution"/>
  <testcase name="testcase4" time="0.009" classname="com.TestNG.ParallelExecution1"/>
  <testcase name="testcase2" time="0.004" classname="com.TestNG.ParallelExecution"/>
  <testcase name="testcase5" time="0.004" classname="com.TestNG.ParallelExecution1"/>
  <testcase name="testcase3" time="0.004" classname="com.TestNG.ParallelExecution"/>
  <testcase name="testcase6" time="0.002" classname="com.TestNG.ParallelExecution1"/>
</testsuite> <!-- Test -->
