<?xml version="1.0" encoding="UTF-8"?>
<testng-results skipped="0" failed="0" ignored="0" total="1" passed="1">
  <reporter-output>
  </reporter-output>
  <suite name="Default suite" duration-ms="91144" started-at="2020-08-12T20:55:33 IST" finished-at="2020-08-12T20:57:04 IST">
    <groups>
    </groups>
    <test name="Default test" duration-ms="91144" started-at="2020-08-12T20:55:33 IST" finished-at="2020-08-12T20:57:04 IST">
      <class name="seleniumAdvanced.ExcelLogin">
        <test-method status="PASS" signature="login()[pri:0, instance:seleniumAdvanced.ExcelLogin@58c1670b]" name="login" duration-ms="91081" started-at="2020-08-12T20:55:33 IST" finished-at="2020-08-12T20:57:04 IST">
          <reporter-output>
          </reporter-output>
        </test-method> <!-- login -->
      </class> <!-- seleniumAdvanced.ExcelLogin -->
    </test> <!-- Default test -->
  </suite> <!-- Default suite -->
</testng-results>
